<?xml version="1.0" encoding="UTF-8"?>
<testsuite name="com.bl.cricketLeague.CricketAnalyserTest" tests="13" skipped="0" failures="1" errors="0" timestamp="2020-05-21T07:48:35" hostname="HP" time="8.274">
  <properties/>
  <testcase name="givenIPLData_WhenGivenStrikingRatesWithAvg_ShouldReturnCorrectRecord" classname="com.bl.cricketLeague.CricketAnalyserTest" time="1.345"/>
  <testcase name="givenIPLData_WhenGivenBowlingAverage_ShouldReturnCorrectRecord" classname="com.bl.cricketLeague.CricketAnalyserTest" time="0.62"/>
  <testcase name="givenIPLData_WhenGivenSixAndFours_ShouldReturnCorrectRecord" classname="com.bl.cricketLeague.CricketAnalyserTest" time="0.57"/>
  <testcase name="givenIPLData_WhenGivenBestAvgOfBatsmanAndBowler_ShouldReturnCorrectPlayer" classname="com.bl.cricketLeague.CricketAnalyserTest" time="0.662"/>
  <testcase name="givenWhenCricketData_ShouldReturn_TopBattingAverage" classname="com.bl.cricketLeague.CricketAnalyserTest" time="0.475"/>
  <testcase name="givenIPLData_WhenGivenBowlingStrikingRates_ShouldReturnCorrectRecord" classname="com.bl.cricketLeague.CricketAnalyserTest" time="0.457"/>
  <testcase name="givenIPLData_WhenGivenStrikingRatesWith4sand5s_ShouldReturnCorrectRecord" classname="com.bl.cricketLeague.CricketAnalyserTest" time="0.472"/>
  <testcase name="givenIPLData_WhenGivenBestEconomyRates_ShouldReturnCorrectRecord" classname="com.bl.cricketLeague.CricketAnalyserTest" time="0.44"/>
  <testcase name="givenWhenCricketData_ShouldReturn_TopStrikeRate" classname="com.bl.cricketLeague.CricketAnalyserTest" time="0.457"/>
  <testcase name="givenIPLData_WhenGivenAvg_StrikingRates_ShouldReturnPlayerWithHighestStrikingRates" classname="com.bl.cricketLeague.CricketAnalyserTest" time="0.49"/>
  <testcase name="givenIPLData_WhenGivenAvgRuns_ShouldReturnPlayerWithHighestStrikingRates" classname="com.bl.cricketLeague.CricketAnalyserTest" time="0.46">
    <failure message="java.lang.NullPointerException" type="java.lang.NullPointerException">java.lang.NullPointerException
	at com.bl.cricketLeague.service.CricketAnalyser.getFieldWiseData(CricketAnalyser.java:61)
	at com.bl.cricketLeague.CricketAnalyserTest.givenIPLData_WhenGivenAvgRuns_ShouldReturnPlayerWithHighestStrikingRates(CricketAnalyserTest.java:90)
	at sun.reflect.NativeMethodAccessorImpl.invoke0(Native Method)
	at sun.reflect.NativeMethodAccessorImpl.invoke(NativeMethodAccessorImpl.java:62)
	at sun.reflect.DelegatingMethodAccessorImpl.invoke(DelegatingMethodAccessorImpl.java:43)
	at java.lang.reflect.Method.invoke(Method.java:498)
	at org.junit.runners.model.FrameworkMethod$1.runReflectiveCall(FrameworkMethod.java:50)
	at org.junit.internal.runners.model.ReflectiveCallable.run(ReflectiveCallable.java:12)
	at org.junit.runners.model.FrameworkMethod.invokeExplosively(FrameworkMethod.java:47)
	at org.junit.internal.runners.statements.InvokeMethod.evaluate(InvokeMethod.java:17)
	at org.junit.internal.runners.statements.RunBefores.evaluate(RunBefores.java:26)
	at org.junit.runners.ParentRunner.runLeaf(ParentRunner.java:325)
	at org.junit.runners.BlockJUnit4ClassRunner.runChild(BlockJUnit4ClassRunner.java:78)
	at org.junit.runners.BlockJUnit4ClassRunner.runChild(BlockJUnit4ClassRunner.java:57)
	at org.junit.runners.ParentRunner$3.run(ParentRunner.java:290)
	at org.junit.runners.ParentRunner$1.schedule(ParentRunner.java:71)
	at org.junit.runners.ParentRunner.runChildren(ParentRunner.java:288)
	at org.junit.runners.ParentRunner.access$000(ParentRunner.java:58)
	at org.junit.runners.ParentRunner$2.evaluate(ParentRunner.java:268)
	at org.junit.runners.ParentRunner.run(ParentRunner.java:363)
	at org.gradle.api.internal.tasks.testing.junit.JUnitTestClassExecutor.runTestClass(JUnitTestClassExecutor.java:110)
	at org.gradle.api.internal.tasks.testing.junit.JUnitTestClassExecutor.execute(JUnitTestClassExecutor.java:58)
	at org.gradle.api.internal.tasks.testing.junit.JUnitTestClassExecutor.execute(JUnitTestClassExecutor.java:38)
	at org.gradle.api.internal.tasks.testing.junit.AbstractJUnitTestClassProcessor.processTestClass(AbstractJUnitTestClassProcessor.java:62)
	at org.gradle.api.internal.tasks.testing.SuiteTestClassProcessor.processTestClass(SuiteTestClassProcessor.java:51)
	at sun.reflect.NativeMethodAccessorImpl.invoke0(Native Method)
	at sun.reflect.NativeMethodAccessorImpl.invoke(NativeMethodAccessorImpl.java:62)
	at sun.reflect.DelegatingMethodAccessorImpl.invoke(DelegatingMethodAccessorImpl.java:43)
	at java.lang.reflect.Method.invoke(Method.java:498)
	at org.gradle.internal.dispatch.ReflectionDispatch.dispatch(ReflectionDispatch.java:36)
	at org.gradle.internal.dispatch.ReflectionDispatch.dispatch(ReflectionDispatch.java:24)
	at org.gradle.internal.dispatch.ContextClassLoaderDispatch.dispatch(ContextClassLoaderDispatch.java:33)
	at org.gradle.internal.dispatch.ProxyDispatchAdapter$DispatchingInvocationHandler.invoke(ProxyDispatchAdapter.java:94)
	at com.sun.proxy.$Proxy2.processTestClass(Unknown Source)
	at org.gradle.api.internal.tasks.testing.worker.TestWorker.processTestClass(TestWorker.java:118)
	at sun.reflect.NativeMethodAccessorImpl.invoke0(Native Method)
	at sun.reflect.NativeMethodAccessorImpl.invoke(NativeMethodAccessorImpl.java:62)
	at sun.reflect.DelegatingMethodAccessorImpl.invoke(DelegatingMethodAccessorImpl.java:43)
	at java.lang.reflect.Method.invoke(Method.java:498)
	at org.gradle.internal.dispatch.ReflectionDispatch.dispatch(ReflectionDispatch.java:36)
	at org.gradle.internal.dispatch.ReflectionDispatch.dispatch(ReflectionDispatch.java:24)
	at org.gradle.internal.remote.internal.hub.MessageHubBackedObjectConnection$DispatchWrapper.dispatch(MessageHubBackedObjectConnection.java:182)
	at org.gradle.internal.remote.internal.hub.MessageHubBackedObjectConnection$DispatchWrapper.dispatch(MessageHubBackedObjectConnection.java:164)
	at org.gradle.internal.remote.internal.hub.MessageHub$Handler.run(MessageHub.java:412)
	at org.gradle.internal.concurrent.ExecutorPolicy$CatchAndRecordFailures.onExecute(ExecutorPolicy.java:64)
	at org.gradle.internal.concurrent.ManagedExecutorImpl$1.run(ManagedExecutorImpl.java:48)
	at java.util.concurrent.ThreadPoolExecutor.runWorker(ThreadPoolExecutor.java:1142)
	at java.util.concurrent.ThreadPoolExecutor$Worker.run(ThreadPoolExecutor.java:617)
	at org.gradle.internal.concurrent.ThreadFactoryImpl$ManagedThreadRunnable.run(ThreadFactoryImpl.java:56)
	at java.lang.Thread.run(Thread.java:745)
</failure>
  </testcase>
  <testcase name="givenIPLData_WhenGivenWicketsWithAvg_ShouldReturnCorrectRecord" classname="com.bl.cricketLeague.CricketAnalyserTest" time="1.184"/>
  <testcase name="givenIPLData_WhenGivenSixAndFours_ShouldReturnPlayerWithHighestStrikingRates" classname="com.bl.cricketLeague.CricketAnalyserTest" time="0.601"/>
  <system-out><![CDATA[]]></system-out>
  <system-err><![CDATA[]]></system-err>
</testsuite>
